<?xml version="1.0" encoding="UTF-8"?>
<!-- Generated by org.testng.reporters.JUnitReportReporter -->
<testsuite hostname="DESKTOP-8VJB88U" failures="0" tests="2" name="GitHub.APIoperations" time="3.981" errors="0" timestamp="31 May 2022 18:36:37 GMT" skipped="0">
  <testcase classname="GitHub.APIoperations" name="test1" time="2.422"/>
  <testcase classname="GitHub.APIoperations" name="test2" time="1.559"/>
</testsuite> <!-- GitHub.APIoperations -->
