<?xml version="1.0" encoding="UTF-8"?>
<!-- Generated by org.testng.reporters.JUnitReportReporter -->
<testsuite hostname="DESKTOP-8VJB88U" failures="0" tests="2" name="RESTAPI.DELETERequest" time="0.095" errors="0" timestamp="29 May 2022 07:47:03 GMT" skipped="0">
  <testcase classname="RESTAPI.DELETERequest" name="test1" time="0.037"/>
  <testcase classname="RESTAPI.DELETERequest" name="test2" time="0.058"/>
</testsuite> <!-- RESTAPI.DELETERequest -->
