<?xml version="1.0" encoding="UTF-8"?>
<!-- Generated by org.testng.reporters.JUnitReportReporter -->
<testsuite hostname="DESKTOP-8VJB88U" failures="0" tests="2" name="RestAssuredProject.RestAssuredProject.POSTReqWithFile" time="2.676" errors="0" timestamp="28 May 2022 07:13:48 GMT" skipped="0">
  <testcase classname="RestAssuredProject.RestAssuredProject.POSTReqWithFile" name="test1" time="2.673"/>
  <testcase classname="RestAssuredProject.RestAssuredProject.POSTReqWithFile" name="test2" time="0.003"/>
</testsuite> <!-- RestAssuredProject.RestAssuredProject.POSTReqWithFile -->
