<?xml version="1.0" encoding="UTF-8"?>
<!-- Generated by org.testng.reporters.JUnitReportReporter -->
<testsuite hostname="DESKTOP-8VJB88U" failures="0" tests="4" name="restBDD.GetRequestBDD" time="2.598" errors="0" timestamp="04 Jun 2022 05:16:52 GMT" skipped="0">
  <testcase classname="restBDD.GetRequestBDD" name="test2" time="0.747"/>
  <testcase classname="restBDD.GetRequestBDD" name="test1" time="0.050"/>
  <testcase classname="restBDD.GetRequestBDD" name="test" time="1.723"/>
  <testcase classname="restBDD.GetRequestBDD" name="test3" time="0.078"/>
</testsuite> <!-- restBDD.GetRequestBDD -->
