<?xml version="1.0" encoding="UTF-8"?>
<!-- Generated by org.testng.reporters.JUnitReportReporter -->
<testsuite hostname="DESKTOP-8VJB88U" failures="0" tests="1" name="APIchaining.EndToEndTest" time="2.023" errors="0" timestamp="29 May 2022 07:50:27 GMT" skipped="0">
  <testcase classname="APIchaining.EndToEndTest" name="test1" time="2.023"/>
</testsuite> <!-- APIchaining.EndToEndTest -->
