<?xml version="1.0" encoding="UTF-8"?>
<!-- Generated by org.testng.reporters.JUnitReportReporter -->
<testsuite hostname="DESKTOP-8VJB88U" failures="0" tests="2" name="RESTAPI.GETRequest" time="1.511" errors="0" timestamp="02 Jun 2022 19:43:12 GMT" skipped="0">
  <testcase classname="RESTAPI.GETRequest" name="test1" time="1.472"/>
  <testcase classname="RESTAPI.GETRequest" name="test2" time="0.039"/>
</testsuite> <!-- RESTAPI.GETRequest -->
