<?xml version="1.0" encoding="UTF-8"?>
<!-- Generated by org.testng.reporters.JUnitReportReporter -->
<testsuite hostname="DESKTOP-8VJB88U" failures="0" tests="2" name="RESTAPI.POSTReqWithFile" time="0.038" errors="0" timestamp="29 May 2022 07:47:03 GMT" skipped="0">
  <testcase classname="RESTAPI.POSTReqWithFile" name="test1" time="0.035"/>
  <testcase classname="RESTAPI.POSTReqWithFile" name="test2" time="0.003"/>
</testsuite> <!-- RESTAPI.POSTReqWithFile -->
