<?xml version="1.0" encoding="UTF-8"?>
<!-- Generated by org.testng.reporters.JUnitReportReporter -->
<testsuite hostname="DESKTOP-8VJB88U" failures="0" tests="1" name="restAPIXML.XMLTest" time="3.067" errors="0" timestamp="04 Jun 2022 06:38:46 GMT" skipped="0">
  <testcase classname="restAPIXML.XMLTest" name="test2" time="3.067"/>
</testsuite> <!-- restAPIXML.XMLTest -->
