<?xml version="1.0" encoding="UTF-8"?>
<!-- Generated by org.testng.reporters.JUnitReportReporter -->
<testsuite hostname="DESKTOP-8VJB88U" failures="0" tests="2" name="RESTAPI.POSTRequestWithJSON" time="2.639" errors="0" timestamp="31 May 2022 18:29:40 GMT" skipped="0">
  <testcase classname="RESTAPI.POSTRequestWithJSON" name="test1" time="1.466"/>
  <testcase classname="RESTAPI.POSTRequestWithJSON" name="test2" time="1.173"/>
</testsuite> <!-- RESTAPI.POSTRequestWithJSON -->
