<?xml version="1.0" encoding="UTF-8"?>
<!-- Generated by org.testng.reporters.JUnitReportReporter -->
<testsuite hostname="DESKTOP-8VJB88U" failures="0" tests="2" name="RESTAPI.POSTReqWithMap" time="1.798" errors="0" timestamp="29 May 2022 14:47:48 GMT" skipped="0">
  <testcase classname="RESTAPI.POSTReqWithMap" name="test1" time="1.795"/>
  <testcase classname="RESTAPI.POSTReqWithMap" name="test2" time="0.003"/>
</testsuite> <!-- RESTAPI.POSTReqWithMap -->
