<?xml version="1.0" encoding="UTF-8"?>
<!-- Generated by org.testng.reporters.JUnitReportReporter -->
<testsuite hostname="DESKTOP-8VJB88U" failures="0" tests="2" name="RESTAPI.PUTRequest" time="2.315" errors="0" timestamp="29 May 2022 14:57:35 GMT" skipped="0">
  <testcase classname="RESTAPI.PUTRequest" name="test2" time="0.002"/>
  <testcase classname="RESTAPI.PUTRequest" name="test1" time="2.313"/>
</testsuite> <!-- RESTAPI.PUTRequest -->
