<?xml version="1.0" encoding="UTF-8"?>
<!-- Generated by org.testng.reporters.JUnitReportReporter -->
<testsuite hostname="DESKTOP-8VJB88U" failures="0" tests="1" name="RESTAPI.Testing" time="1.435" errors="0" timestamp="02 Jun 2022 19:50:33 GMT" skipped="0">
  <testcase classname="RESTAPI.Testing" name="test1" time="1.435"/>
</testsuite> <!-- RESTAPI.Testing -->
