<?xml version="1.0" encoding="UTF-8"?>
<!-- Generated by org.testng.reporters.JUnitReportReporter -->
<testsuite skipped="0" hostname="DESKTOP-8VJB88U" name="GitHub.APIoperations" tests="2" failures="0" timestamp="31 May 2022 18:44:04 GMT" time="3.969" errors="0">
  <testcase name="test1" time="2.478" classname="GitHub.APIoperations"/>
  <testcase name="test2" time="1.491" classname="GitHub.APIoperations"/>
</testsuite> <!-- GitHub.APIoperations -->
